<?xml version="1.0" encoding="UTF-8"?>
<testsuite xmlns:xsi="http://www.w3.org/2001/XMLSchema-instance" xsi:noNamespaceSchemaLocation="https://maven.apache.org/surefire/maven-surefire-plugin/xsd/surefire-test-report-3.0.xsd" version="3.0" name="han.oose.dea.services.TracksServiceTest" time="0.02" tests="5" errors="0" skipped="0" failures="0">
  <properties>
[...]
</properties>
  <testcase name="deleteAllTracksFromPlaylistTest" classname="han.oose.dea.services.TracksServiceTest" time="0.013"/>
  <testcase name="getAllAvailableTracksForPlaylistTest" classname="han.oose.dea.services.TracksServiceTest" time="0.002"/>
  <testcase name="deleteTrackFromPlaylistTest" classname="han.oose.dea.services.TracksServiceTest" time="0.001"/>
  <testcase name="getAllTracksFromPlaylistTest" classname="han.oose.dea.services.TracksServiceTest" time="0.001"/>
  <testcase name="addTrackToPlaylistTest" classname="han.oose.dea.services.TracksServiceTest" time="0.001"/>
</testsuite>